INFO:__main__:Started
INFO:mylib:Doing something
INFO:__main__:Started
INFO:mylib:Doing something
INFO:__main__:Started
INFO:mylib:Doing something
INFO:__main__:Finished
INFO:__main__:Started
INFO:mylib:Doing something
INFO:__main__:Finished
INFO:__main__:Started
INFO:mylib:Doing something
INFO:__main__:Finished
INFO:__main__:Started
INFO:__main__:Started
INFO:__main__:Îòñóòñòâóþò ïàòðîíû äëÿ ñòðåëüáû
INFO:__main__:Finished
INFO:__main__:Îòñóòñòâóþò ïàòðîíû äëÿ ñòðåëüáû
INFO:__main__:Started
INFO:__main__:Finished
INFO:__main__:Îòñóòñòâóþò ïàòðîíû äëÿ ñòðåëüáû
INFO:__main__:Started
INFO:__main__:Finished
INFO:__main__:No ammo
INFO:__main__:Started
INFO:__main__:Finished
INFO:__main__:No ammo
INFO:__main__:Started
INFO:__main__:Finished
INFO:__main__:No ammo
INFO:__main__:Started
INFO:__main__:Finished
INFO:__main__:Started
INFO:__main__:Finished
INFO:__main__:No ammo
INFO:__main__:Started
INFO:__main__:Finished
INFO:__main__:Started
INFO:__main__:Finished
INFO:__main__:No ammo
INFO:__main__:Started
INFO:__main__:Finished
INFO:__main__:Started
INFO:__main__:Low weapon health
INFO:__main__:Finished
INFO:__main__:Low weapon health
INFO:__main__:Started
INFO:__main__:No ammo
INFO:__main__:Finished
INFO:__main__:Started
INFO:__main__:Low weapon health
INFO:__main__:Finished
INFO:__main__:No ammo
INFO:__main__:Low weapon health
INFO:__main__:Started
INFO:__main__:Finished
INFO:__main__:Started
INFO:__main__:Finished
INFO:__main__:Started
INFO:__main__:No ammo
INFO:__main__:Finished
INFO:__main__:Started
INFO:__main__:Low weapon health
INFO:__main__:Finished
INFO:__main__:No ammo
INFO:__main__:Low weapon health
